c:\users\pc lemoosy\onedrive\bureau\basecode\3a\c++\8pro128\basecode_book\basecode_book\x64\debug\vc143.pdb
c:\users\pc lemoosy\onedrive\bureau\basecode\3a\c++\8pro128\basecode_book\basecode_book\x64\debug\vc143.idb
c:\users\pc lemoosy\onedrive\bureau\basecode\3a\c++\8pro128\basecode_book\basecode_book\x64\debug\main.obj
c:\users\pc lemoosy\onedrive\bureau\basecode\3a\c++\8pro128\basecode_book\basecode_book\x64\debug\settings.obj
c:\users\pc lemoosy\onedrive\bureau\basecode\3a\c++\8pro128\basecode_book\basecode_book\x64\debug\book.obj
c:\users\pc lemoosy\onedrive\bureau\basecode\3a\c++\8pro128\basecode_book\x64\debug\basecode_book.pdb
c:\users\pc lemoosy\onedrive\bureau\basecode\3a\c++\8pro128\basecode_book\basecode_book\x64\debug\basecode_book.tlog\cl.command.1.tlog
c:\users\pc lemoosy\onedrive\bureau\basecode\3a\c++\8pro128\basecode_book\basecode_book\x64\debug\basecode_book.tlog\cl.items.tlog
c:\users\pc lemoosy\onedrive\bureau\basecode\3a\c++\8pro128\basecode_book\basecode_book\x64\debug\basecode_book.tlog\cl.read.1.tlog
c:\users\pc lemoosy\onedrive\bureau\basecode\3a\c++\8pro128\basecode_book\basecode_book\x64\debug\basecode_book.tlog\cl.write.1.tlog
c:\users\pc lemoosy\onedrive\bureau\basecode\3a\c++\8pro128\basecode_book\basecode_book\x64\debug\basecode_book.tlog\link-cvtres.read.1.tlog
c:\users\pc lemoosy\onedrive\bureau\basecode\3a\c++\8pro128\basecode_book\basecode_book\x64\debug\basecode_book.tlog\link-cvtres.write.1.tlog
c:\users\pc lemoosy\onedrive\bureau\basecode\3a\c++\8pro128\basecode_book\basecode_book\x64\debug\basecode_book.tlog\link-rc.read.1.tlog
c:\users\pc lemoosy\onedrive\bureau\basecode\3a\c++\8pro128\basecode_book\basecode_book\x64\debug\basecode_book.tlog\link-rc.write.1.tlog
c:\users\pc lemoosy\onedrive\bureau\basecode\3a\c++\8pro128\basecode_book\basecode_book\x64\debug\basecode_book.tlog\link.18512-cvtres.read.1.tlog
c:\users\pc lemoosy\onedrive\bureau\basecode\3a\c++\8pro128\basecode_book\basecode_book\x64\debug\basecode_book.tlog\link.18512-cvtres.write.1.tlog
c:\users\pc lemoosy\onedrive\bureau\basecode\3a\c++\8pro128\basecode_book\basecode_book\x64\debug\basecode_book.tlog\link.18512-rc.read.1.tlog
c:\users\pc lemoosy\onedrive\bureau\basecode\3a\c++\8pro128\basecode_book\basecode_book\x64\debug\basecode_book.tlog\link.18512-rc.write.1.tlog
c:\users\pc lemoosy\onedrive\bureau\basecode\3a\c++\8pro128\basecode_book\basecode_book\x64\debug\basecode_book.tlog\link.18512.read.1.tlog
c:\users\pc lemoosy\onedrive\bureau\basecode\3a\c++\8pro128\basecode_book\basecode_book\x64\debug\basecode_book.tlog\link.18512.read.2.tlog
c:\users\pc lemoosy\onedrive\bureau\basecode\3a\c++\8pro128\basecode_book\basecode_book\x64\debug\basecode_book.tlog\link.18512.read.3.tlog
c:\users\pc lemoosy\onedrive\bureau\basecode\3a\c++\8pro128\basecode_book\basecode_book\x64\debug\basecode_book.tlog\link.18512.read.4.tlog
c:\users\pc lemoosy\onedrive\bureau\basecode\3a\c++\8pro128\basecode_book\basecode_book\x64\debug\basecode_book.tlog\link.18512.write.1.tlog
c:\users\pc lemoosy\onedrive\bureau\basecode\3a\c++\8pro128\basecode_book\basecode_book\x64\debug\basecode_book.tlog\link.command.1.tlog
c:\users\pc lemoosy\onedrive\bureau\basecode\3a\c++\8pro128\basecode_book\basecode_book\x64\debug\basecode_book.tlog\link.read.1.tlog
c:\users\pc lemoosy\onedrive\bureau\basecode\3a\c++\8pro128\basecode_book\basecode_book\x64\debug\basecode_book.tlog\link.read.2.tlog
c:\users\pc lemoosy\onedrive\bureau\basecode\3a\c++\8pro128\basecode_book\basecode_book\x64\debug\basecode_book.tlog\link.read.3.tlog
c:\users\pc lemoosy\onedrive\bureau\basecode\3a\c++\8pro128\basecode_book\basecode_book\x64\debug\basecode_book.tlog\link.read.4.tlog
c:\users\pc lemoosy\onedrive\bureau\basecode\3a\c++\8pro128\basecode_book\basecode_book\x64\debug\basecode_book.tlog\link.read.5.tlog
c:\users\pc lemoosy\onedrive\bureau\basecode\3a\c++\8pro128\basecode_book\basecode_book\x64\debug\basecode_book.tlog\link.write.1.tlog
